
> rest-express@1.0.0 dev
> NODE_ENV=development tsx server/index.ts

3:06:06 AM [express] serving on port 5000
Browserslist: browsers data (caniuse-lite) is 13 months old. Please run:
  npx update-browserslist-db@latest
  Why you should do it regularly: https://github.com/browserslist/update-db#readme

A PostCSS plugin did not pass the `from` option to `postcss.parse`. This may cause imported assets to be incorrectly transformed. If you've recently added a PostCSS plugin that raised this warning, please contact the package author to fix the issue.
3:06:20 AM [express] GET /api/sales 200 in 19ms :: []
3:06:24 AM [vite] hmr update /src/pages/Sales.tsx, /src/index.css?v=DHwzoNCzQCvuX9204o-Eb
3:06:55 AM [express] GET /api/sales 304 in 3ms :: []
3:10:40 AM [vite] hmr update /src/pages/Sales.tsx, /src/index.css?v=DHwzoNCzQCvuX9204o-Eb
3:10:52 AM [express] GET /api/sales 304 in 4ms :: []
3:12:44 AM [vite] hmr update /src/pages/Sales.tsx, /src/index.css?v=DHwzoNCzQCvuX9204o-Eb
3:12:44 AM [vite] hmr update /src/pages/Sales.tsx, /src/index.css?v=DHwzoNCzQCvuX9204o-Eb
3:13:15 AM [express] POST /api/sales 200 in 17ms :: {"link":"","name":"Bkash Sale from ****2746","qu…
3:13:15 AM [express] GET /api/sales 200 in 4ms :: [{"link":"","name":"Bkash Sale from ****2746","qua…
3:16:24 AM [vite] hmr update /src/components/SalesItemModal.tsx, /src/index.css?v=DHwzoNCzQCvuX9204o-Eb
3:16:25 AM [vite] hmr update /src/pages/Sales.tsx, /src/index.css?v=DHwzoNCzQCvuX9204o-Eb, /src/components/SalesList.tsx
3:18:56 AM [vite] hmr update /src/pages/Sales.tsx, /src/index.css?v=DHwzoNCzQCvuX9204o-Eb
3:18:57 AM [vite] hmr update /src/App.tsx?v=DHwzoNCzQCvuX9204o-Eb, /src/index.css?v=DHwzoNCzQCvuX9204o-Eb
3:21:05 AM [vite] hmr update /src/components/SalesList.tsx, /src/index.css?v=DHwzoNCzQCvuX9204o-Eb
3:21:08 AM [vite] ✨ new dependencies optimized: @radix-ui/react-checkbox
3:21:08 AM [vite] ✨ optimized dependencies changed. reloading
3:21:12 AM [express] GET /api/sales 304 in 6ms :: [{"link":"","name":"Bkash Sale from ****2746","qua…
